{ methodName: 'GET', URL: '/', statusCode: '304', responseSize: '-', responseTime: '5.417 ms', date: '2019-01-22T19:52:10.740Z', remoteAddress: '::1', remoteUser: '-' }
{ methodName: 'GET', URL: '/bookmarks', statusCode: '200', responseSize: '-', responseTime: '15.088 ms', date: '2019-01-24T04:28:54.956Z', remoteAddress: '::1', remoteUser: '-' }
{ methodName: 'GET', URL: '/bookmarks/tags?names=kishan', statusCode: '200', responseSize: '-', responseTime: '14.707 ms', date: '2019-01-24T04:30:13.173Z', remoteAddress: '::1', remoteUser: '-' }
{ methodName: 'GET', URL: '/bookmarks', statusCode: '200', responseSize: '-', responseTime: '2.303 ms', date: '2019-01-24T04:30:43.436Z', remoteAddress: '::1', remoteUser: '-' }
{ methodName: 'POST', URL: '/bookmarks', statusCode: '200', responseSize: '-', responseTime: '363.058 ms', date: '2019-01-24T04:32:21.055Z', remoteAddress: '::1', remoteUser: '-' }
{ methodName: 'GET', URL: '/bookmarks', statusCode: '200', responseSize: '-', responseTime: '11.421 ms', date: '2019-01-24T04:32:24.712Z', remoteAddress: '::1', remoteUser: '-' }
{ methodName: 'GET', URL: '/Z1jMlRG', statusCode: '404', responseSize: '-', responseTime: '1.610 ms', date: '2019-01-24T04:32:51.183Z', remoteAddress: '::1', remoteUser: '-' }
{ methodName: 'GET', URL: '/hash/Z1jMlRG', statusCode: '302', responseSize: '-', responseTime: '29.239 ms', date: '2019-01-24T04:33:07.432Z', remoteAddress: '::1', remoteUser: '-' }
{ methodName: 'GET', URL: '/hash/Z1USYUD', statusCode: '200', responseSize: '-', responseTime: '5.586 ms', date: '2019-01-24T04:33:21.106Z', remoteAddress: '::1', remoteUser: '-' }
{ methodName: 'GET', URL: '/favicon.ico', statusCode: '404', responseSize: '-', responseTime: '1.441 ms', date: '2019-01-24T04:33:21.783Z', remoteAddress: '::1', remoteUser: '-' }
{ methodName: 'GET', URL: '/hash/Z1jMlRG', statusCode: '302', responseSize: '-', responseTime: '10.114 ms', date: '2019-01-24T04:33:28.548Z', remoteAddress: '::1', remoteUser: '-' }
{ methodName: 'GET', URL: '/hash/Z1jMlRG', statusCode: '302', responseSize: '-', responseTime: '6.394 ms', date: '2019-01-24T04:35:07.967Z', remoteAddress: '::1', remoteUser: '-' }
{ methodName: 'PATCH', URL: '/bookmarks/Z1jMlRG', statusCode: '200', responseSize: '-', responseTime: '4.293 ms', date: '2019-01-24T04:35:19.972Z', remoteAddress: '::1', remoteUser: '-' }
{ methodName: 'PATCH', URL: '/bookmarks/Z1jMlRG', statusCode: '200', responseSize: '-', responseTime: '1.226 ms', date: '2019-01-24T04:36:16.591Z', remoteAddress: '::1', remoteUser: '-' }
{ methodName: 'PATCH', URL: '/bookmarks/5c493fd4cf8f2d2c28b5207c', statusCode: '200', responseSize: '-', responseTime: '42.380 ms', date: '2019-01-24T04:36:33.168Z', remoteAddress: '::1', remoteUser: '-' }
{ methodName: 'GET', URL: '/hash/Z1jMlRG', statusCode: '302', responseSize: '-', responseTime: '8.147 ms', date: '2019-01-24T04:36:46.656Z', remoteAddress: '::1', remoteUser: '-' }
{ methodName: 'GET', URL: '/hash/Z1jMlRG', statusCode: '302', responseSize: '-', responseTime: '9.906 ms', date: '2019-01-24T04:37:28.615Z', remoteAddress: '::1', remoteUser: '-' }
{ methodName: 'GET', URL: '/hash/Z1jMlRG', statusCode: '302', responseSize: '-', responseTime: '9.130 ms', date: '2019-01-24T04:38:07.502Z', remoteAddress: '::1', remoteUser: '-' }
{ methodName: 'GET', URL: '/hash/Z1jMlRG', statusCode: '302', responseSize: '-', responseTime: '8.543 ms', date: '2019-01-24T04:38:18.631Z', remoteAddress: '::1', remoteUser: '-' }
{ methodName: 'GET', URL: '/hash/Z1jMlRG', statusCode: '302', responseSize: '-', responseTime: '5.758 ms', date: '2019-01-24T04:38:36.312Z', remoteAddress: '::1', remoteUser: '-' }
{ methodName: 'PATCH', URL: '/bookmarks/5c493fd4cf8f2d2c28b5207c', statusCode: '200', responseSize: '-', responseTime: '4.343 ms', date: '2019-01-24T04:39:02.346Z', remoteAddress: '::1', remoteUser: '-' }
{ methodName: 'PATCH', URL: '/bookmarks/5c493fd4cf8f2d2c28b5207c', statusCode: '200', responseSize: '-', responseTime: '34.130 ms', date: '2019-01-24T04:43:02.109Z', remoteAddress: '::1', remoteUser: '-' }
{ methodName: 'PATCH', URL: '/bookmarks/5c493fd4cf8f2d2c28b5207c', statusCode: '200', responseSize: '-', responseTime: '31.220 ms', date: '2019-01-24T04:54:29.985Z', remoteAddress: '::1', remoteUser: '-' }
{ methodName: 'PATCH', URL: '/bookmarks/5c493fd4cf8f2d2c28b5207c', statusCode: '200', responseSize: '-', responseTime: '30.445 ms', date: '2019-01-24T04:56:15.748Z', remoteAddress: '::1', remoteUser: '-' }
{ methodName: 'PATCH', URL: '/bookmarks/5c493fd4cf8f2d2c28b5207c', statusCode: '200', responseSize: '-', responseTime: '32.850 ms', date: '2019-01-24T04:56:42.366Z', remoteAddress: '::1', remoteUser: '-' }
{ methodName: 'PATCH', URL: '/bookmarks/5c493fd4cf8f2d2c28b5207c', statusCode: '200', responseSize: '-', responseTime: '40.873 ms', date: '2019-01-24T05:05:36.320Z', remoteAddress: '::1', remoteUser: '-' }
{ methodName: 'PATCH', URL: '/bookmarks/5c493fd4cf8f2d2c28b5207c', statusCode: '200', responseSize: '-', responseTime: '31.393 ms', date: '2019-01-24T05:07:50.643Z', remoteAddress: '::1', remoteUser: '-' }
{ methodName: 'PATCH', URL: '/bookmarks/5c493fd4cf8f2d2c28b5207c', statusCode: '200', responseSize: '-', responseTime: '33.199 ms', date: '2019-01-24T05:08:20.505Z', remoteAddress: '::1', remoteUser: '-' }
{ methodName: 'PATCH', URL: '/bookmarks/5c493fd4cf8f2d2c28b5207c', statusCode: '200', responseSize: '-', responseTime: '29.291 ms', date: '2019-01-24T05:20:58.168Z', remoteAddress: '::1', remoteUser: '-' }
{ methodName: 'PATCH', URL: '/bookmarks/5c493fd4cf8f2d2c28b5207c', statusCode: '200', responseSize: '-', responseTime: '31.272 ms', date: '2019-01-24T05:35:27.268Z', remoteAddress: '::1', remoteUser: '-' }
{ methodName: 'PATCH', URL: '/bookmarks/5c493fd4cf8f2d2c28b5207c', statusCode: '200', responseSize: '-', responseTime: '40.905 ms', date: '2019-01-24T05:36:15.808Z', remoteAddress: '::1', remoteUser: '-' }
{ methodName: 'PATCH', URL: '/bookmarks/5c493fd4cf8f2d2c28b5207c', statusCode: '200', responseSize: '-', responseTime: '25.979 ms', date: '2019-01-24T05:37:29.207Z', remoteAddress: '::1', remoteUser: '-' }
{ methodName: 'PATCH', URL: '/bookmarks/5c493fd4cf8f2d2c28b5207c', statusCode: '200', responseSize: '-', responseTime: '26.700 ms', date: '2019-01-24T05:38:04.751Z', remoteAddress: '::1', remoteUser: '-' }
{ methodName: 'PATCH', URL: '/bookmarks/5c493fd4cf8f2d2c28b5207c', statusCode: '200', responseSize: '-', responseTime: '30.322 ms', date: '2019-01-24T05:39:10.200Z', remoteAddress: '::1', remoteUser: '-' }
{ methodName: 'PATCH', URL: '/bookmarks/5c493fd4cf8f2d2c28b5207c', statusCode: '200', responseSize: '-', responseTime: '31.232 ms', date: '2019-01-24T05:44:21.228Z', remoteAddress: '::1', remoteUser: '-' }
{ methodName: 'PATCH', URL: '/bookmarks/5c493fd4cf8f2d2c28b5207c', statusCode: '200', responseSize: '-', responseTime: '30.514 ms', date: '2019-01-24T05:45:23.515Z', remoteAddress: '::1', remoteUser: '-' }
{ methodName: 'GET', URL: '/bookmarks/Z1jMlRG', statusCode: '200', responseSize: '-', responseTime: '20.045 ms', date: '2019-01-24T05:46:35.381Z', remoteAddress: '::1', remoteUser: '-' }
{ methodName: 'GET', URL: '/bookmarks/5c493fd4cf8f2d2c28b5207c', statusCode: '200', responseSize: '-', responseTime: '31.784 ms', date: '2019-01-24T05:46:44.129Z', remoteAddress: '::1', remoteUser: '-' }
{ methodName: 'GET', URL: '/bookmarks/5c493fd4cf8f2d2c28b5207c', statusCode: '200', responseSize: '-', responseTime: '5.381 ms', date: '2019-01-24T05:49:03.319Z', remoteAddress: '::1', remoteUser: '-' }
{ methodName: 'PATCH', URL: '/bookmarks/5c493fd4cf8f2d2c28b5207c', statusCode: '200', responseSize: '-', responseTime: '32.466 ms', date: '2019-01-24T05:50:04.315Z', remoteAddress: '::1', remoteUser: '-' }
{ methodName: 'PATCH', URL: '/bookmarks/5c493fd4cf8f2d2c28b5207c', statusCode: '200', responseSize: '-', responseTime: '41.343 ms', date: '2019-01-24T05:51:58.487Z', remoteAddress: '::1', remoteUser: '-' }
{ methodName: 'PATCH', URL: '/bookmarks/5c493fd4cf8f2d2c28b5207c', statusCode: '200', responseSize: '-', responseTime: '25.469 ms', date: '2019-01-24T05:52:23.604Z', remoteAddress: '::1', remoteUser: '-' }
{ methodName: 'PATCH', URL: '/bookmarks/5c493fd4cf8f2d2c28b5207c', statusCode: '200', responseSize: '-', responseTime: '64.455 ms', date: '2019-01-24T05:52:59.204Z', remoteAddress: '::1', remoteUser: '-' }
{ methodName: 'GET', URL: '/hash/2bzymM', statusCode: '302', responseSize: '-', responseTime: '26.006 ms', date: '2019-01-24T05:56:27.578Z', remoteAddress: '::1', remoteUser: '-' }
{ methodName: 'PATCH', URL: '/bookmarks/5c493fd4cf8f2d2c28b5207c', statusCode: '200', responseSize: '-', responseTime: '36.290 ms', date: '2019-01-24T06:29:30.926Z', remoteAddress: '::1', remoteUser: '-' }
{ methodName: 'GET', URL: '/hash/Z17dlIT', statusCode: '302', responseSize: '-', responseTime: '32.749 ms', date: '2019-01-24T06:29:49.535Z', remoteAddress: '::1', remoteUser: '-' }
{ methodName: 'GET', URL: '/bookmarks/sdfjdgsf', statusCode: '200', responseSize: '-', responseTime: '21.650 ms', date: '2019-01-24T06:36:59.894Z', remoteAddress: '::1', remoteUser: '-' }
{ methodName: 'GET', URL: '/favicon.ico', statusCode: '404', responseSize: '-', responseTime: '7.362 ms', date: '2019-01-24T06:37:00.845Z', remoteAddress: '::1', remoteUser: '-' }
{ methodName: 'GET', URL: '/sdfjdgsf', statusCode: '404', responseSize: '-', responseTime: '1.347 ms', date: '2019-01-24T06:37:08.371Z', remoteAddress: '::1', remoteUser: '-' }
{ methodName: 'GET', URL: '/bookmarks/', statusCode: '200', responseSize: '-', responseTime: '28.917 ms', date: '2019-01-24T06:40:41.219Z', remoteAddress: '::1', remoteUser: '-' }
